Flow report for Den_Giao_Thong
Sat Mar 27 12:32:30 2021
Quartus II Version 9.0 Build 132 02/25/2009 SJ Web Edition


---------------------
; Table of Contents ;
---------------------
  1. Legal Notice
  2. Flow Summary
  3. Flow Settings
  4. Flow Non-Default Global Settings
  5. Flow Elapsed Time
  6. Flow OS Summary
  7. Flow Log



----------------
; Legal Notice ;
----------------
Copyright (C) 1991-2009 Altera Corporation
Your use of Altera Corporation's design tools, logic functions 
and other software and tools, and its AMPP partner logic 
functions, and any output files from any of the foregoing 
(including device programming or simulation files), and any 
associated documentation or information are expressly subject 
to the terms and conditions of the Altera Program License 
Subscription Agreement, Altera MegaCore Function License 
Agreement, or other applicable license agreement, including, 
without limitation, that your use is for the sole purpose of 
programming logic devices manufactured by Altera and sold by 
Altera or its authorized distributors.  Please refer to the 
applicable agreement for further details.



+------------------------------------------------------------------------------+
; Flow Summary                                                                 ;
+------------------------------------+-----------------------------------------+
; Flow Status                        ; Successful - Sat Mar 27 12:32:30 2021   ;
; Quartus II Version                 ; 9.0 Build 132 02/25/2009 SJ Web Edition ;
; Revision Name                      ; Den_Giao_Thong                          ;
; Top-level Entity Name              ; Den_Giao_Thong                          ;
; Family                             ; Cyclone II                              ;
; Device                             ; EP2C35F672C6                            ;
; Timing Models                      ; Final                                   ;
; Met timing requirements            ; Yes                                     ;
; Total logic elements               ; 38 / 33,216 ( < 1 % )                   ;
;     Total combinational functions  ; 38 / 33,216 ( < 1 % )                   ;
;     Dedicated logic registers      ; 11 / 33,216 ( < 1 % )                   ;
; Total registers                    ; 11                                      ;
; Total pins                         ; 10 / 475 ( 2 % )                        ;
; Total virtual pins                 ; 0                                       ;
; Total memory bits                  ; 0 / 483,840 ( 0 % )                     ;
; Embedded Multiplier 9-bit elements ; 0 / 70 ( 0 % )                          ;
; Total PLLs                         ; 0 / 4 ( 0 % )                           ;
+------------------------------------+-----------------------------------------+


+-----------------------------------------+
; Flow Settings                           ;
+-------------------+---------------------+
; Option            ; Setting             ;
+-------------------+---------------------+
; Start date & time ; 03/27/2021 12:32:19 ;
; Main task         ; Compilation         ;
; Revision Name     ; Den_Giao_Thong      ;
+-------------------+---------------------+


+--------------------------------------------------------------------------------------------------------------------------------------+
; Flow Non-Default Global Settings                                                                                                     ;
+--------------------------------------+----------------------------------------------+---------------+-------------+------------------+
; Assignment Name                      ; Value                                        ; Default Value ; Entity Name ; Section Id       ;
+--------------------------------------+----------------------------------------------+---------------+-------------+------------------+
; COMPILER_SIGNATURE_ID                ; 123719800353988.161682313905080              ; --            ; --          ; --               ;
; EDA_DESIGN_INSTANCE_NAME             ; tb_traffic_light                             ; --            ; --          ; tb_traffic_light ;
; EDA_ENABLE_GLITCH_FILTERING          ; On                                           ; --            ; --          ; eda_simulation   ;
; EDA_MAP_ILLEGAL_CHARACTERS           ; On                                           ; --            ; --          ; eda_simulation   ;
; EDA_NATIVELINK_SIMULATION_TEST_BENCH ; tb_traffic_light                             ; --            ; --          ; eda_simulation   ;
; EDA_OUTPUT_DATA_FORMAT               ; Verilog Hdl                                  ; --            ; --          ; eda_simulation   ;
; EDA_RUN_TOOL_AUTOMATICALLY           ; On                                           ; --            ; --          ; eda_simulation   ;
; EDA_SIMULATION_TOOL                  ; ModelSim-Altera (Verilog)                    ; <None>        ; --          ; --               ;
; EDA_TEST_BENCH_ENABLE_STATUS         ; TEST_BENCH_MODE                              ; --            ; --          ; eda_simulation   ;
; EDA_TEST_BENCH_FILE                  ; tb_traffic_light.v                           ; --            ; --          ; tb_traffic_light ;
; EDA_TEST_BENCH_MODULE_NAME           ; tb_traffic_light                             ; --            ; --          ; tb_traffic_light ;
; EDA_TEST_BENCH_NAME                  ; tb_traffic_light                             ; --            ; --          ; eda_simulation   ;
; EDA_TIME_SCALE                       ; 1 ps                                         ; --            ; --          ; eda_simulation   ;
; MAX_CORE_JUNCTION_TEMP               ; 85                                           ; --            ; --          ; --               ;
; MIN_CORE_JUNCTION_TEMP               ; 0                                            ; --            ; --          ; --               ;
; MISC_FILE                            ; D:/Work_Place/Thesis_FPGA/Den_Giao_Thong.dpf ; --            ; --          ; --               ;
; PARTITION_COLOR                      ; 16764057                                     ; --            ; --          ; Top              ;
; PARTITION_NETLIST_TYPE               ; SOURCE                                       ; --            ; --          ; Top              ;
; USE_GENERATED_PHYSICAL_CONSTRAINTS   ; Off                                          ; --            ; --          ; eda_blast_fpga   ;
+--------------------------------------+----------------------------------------------+---------------+-------------+------------------+


+-----------------------------------------------------------------------------------------------------------------------------+
; Flow Elapsed Time                                                                                                           ;
+-------------------------+--------------+-------------------------+---------------------+------------------------------------+
; Module Name             ; Elapsed Time ; Average Processors Used ; Peak Virtual Memory ; Total CPU Time (on all processors) ;
+-------------------------+--------------+-------------------------+---------------------+------------------------------------+
; Analysis & Synthesis    ; 00:00:01     ; 1.0                     ; 230 MB              ; 00:00:00                           ;
; Fitter                  ; 00:00:03     ; 1.0                     ; 309 MB              ; 00:00:03                           ;
; Assembler               ; 00:00:02     ; 1.0                     ; 271 MB              ; 00:00:02                           ;
; Classic Timing Analyzer ; 00:00:00     ; 1.0                     ; 178 MB              ; 00:00:00                           ;
; EDA Netlist Writer      ; 00:00:00     ; 1.0                     ; 167 MB              ; 00:00:00                           ;
; Total                   ; 00:00:06     ; --                      ; --                  ; 00:00:05                           ;
+-------------------------+--------------+-------------------------+---------------------+------------------------------------+


+------------------------------------------------------------------------------------------+
; Flow OS Summary                                                                          ;
+-------------------------+------------------+---------------+------------+----------------+
; Module Name             ; Machine Hostname ; OS Name       ; OS Version ; Processor type ;
+-------------------------+------------------+---------------+------------+----------------+
; Analysis & Synthesis    ; DESKTOP-12J6D6C  ; Windows Vista ; 6.2        ; x86_64         ;
; Fitter                  ; DESKTOP-12J6D6C  ; Windows Vista ; 6.2        ; x86_64         ;
; Assembler               ; DESKTOP-12J6D6C  ; Windows Vista ; 6.2        ; x86_64         ;
; Classic Timing Analyzer ; DESKTOP-12J6D6C  ; Windows Vista ; 6.2        ; x86_64         ;
; EDA Netlist Writer      ; DESKTOP-12J6D6C  ; Windows Vista ; 6.2        ; x86_64         ;
+-------------------------+------------------+---------------+------------+----------------+


------------
; Flow Log ;
------------
quartus_map --read_settings_files=on --write_settings_files=off Den_Giao_Thong -c Den_Giao_Thong
quartus_fit --read_settings_files=off --write_settings_files=off Den_Giao_Thong -c Den_Giao_Thong
quartus_asm --read_settings_files=off --write_settings_files=off Den_Giao_Thong -c Den_Giao_Thong
quartus_tan --read_settings_files=off --write_settings_files=off Den_Giao_Thong -c Den_Giao_Thong --timing_analysis_only
quartus_eda --read_settings_files=off --write_settings_files=off Den_Giao_Thong -c Den_Giao_Thong



